<?xml version="1.0" encoding="UTF-8"?>
<!-- Generated by org.testng.reporters.JUnitReportReporter -->
<testsuite hostname="DESKTOP-NAT0VEE" failures="0" tests="6" name="api.test.DDTests" time="8.979" errors="0" timestamp="2025-03-06T18:34:31 BRT" skipped="0">
  <testcase classname="api.test.DDTests" name="testPostUser" time="0.755"/>
  <system-out/>
  <testcase classname="api.test.DDTests" name="testPostUser" time="0.756"/>
  <system-out/>
  <testcase classname="api.test.DDTests" name="testPostUser" time="5.173"/>
  <system-out/>
  <testcase classname="api.test.DDTests" name="testDeleteUserByName" time="0.815"/>
  <system-out/>
  <testcase classname="api.test.DDTests" name="testDeleteUserByName" time="0.756"/>
  <system-out/>
  <testcase classname="api.test.DDTests" name="testDeleteUserByName" time="0.724"/>
  <system-out/>
</testsuite> <!-- api.test.DDTests -->
