<?xml version="1.0" encoding="UTF-8"?>
<!-- Generated by org.testng.reporters.JUnitReportReporter -->
<testsuite hostname="DESKTOP-NAT0VEE" failures="0" tests="4" name="api.test.UserTest" time="16.181" errors="0" timestamp="2025-03-16T16:09:03 BRT" skipped="0">
  <testcase classname="api.test.UserTest" name="testPostUser" time="12.825"/>
  <testcase classname="api.test.UserTest" name="testGetUserByName" time="1.031"/>
  <testcase classname="api.test.UserTest" name="testUpdateUserByName" time="1.563"/>
  <testcase classname="api.test.UserTest" name="testDeleteUserByName" time="0.762"/>
</testsuite> <!-- api.test.UserTest -->
