<?xml version="1.0" encoding="UTF-8"?>
<!-- Generated by org.testng.reporters.JUnitReportReporter -->
<testsuite hostname="DESKTOP-NAT0VEE" failures="0" tests="4" name="api.test.UserTest2" time="39.128" errors="0" timestamp="2025-03-16T16:17:22 BRT" skipped="0">
  <testcase classname="api.test.UserTest2" name="testPostUser" time="6.012"/>
  <testcase classname="api.test.UserTest2" name="testGetUserByName" time="10.798"/>
  <testcase classname="api.test.UserTest2" name="testUpdateUserByName" time="11.532"/>
  <testcase classname="api.test.UserTest2" name="testDeleteUserByName" time="10.786"/>
</testsuite> <!-- api.test.UserTest2 -->
