<?xml version="1.0" encoding="UTF-8"?>
<!-- Generated by org.testng.reporters.JUnitReportReporter -->
<testsuite hostname="DESKTOP-NAT0VEE" failures="0" tests="4" name="api.test.UserTest2" time="41.486" errors="0" timestamp="2025-03-07T16:14:51 BRT" skipped="0">
  <testcase classname="api.test.UserTest2" name="testPostUser" time="8.269"/>
  <system-out/>
  <testcase classname="api.test.UserTest2" name="testGetUserByName" time="10.864"/>
  <system-out/>
  <testcase classname="api.test.UserTest2" name="testUpdateUserByName" time="11.570"/>
  <system-out/>
  <testcase classname="api.test.UserTest2" name="testDeleteUserByName" time="10.783"/>
  <system-out/>
</testsuite> <!-- api.test.UserTest2 -->
